<?xml version="1.0" encoding="utf-8"?><testsuites name="pytest tests"><testsuite name="pytest" errors="0" failures="0" skipped="0" tests="22" time="39.863" timestamp="2026-02-09T11:10:21.668369+00:00" hostname="agent-env-819c09e1-6d9d-4366-a7a6-c3bf6fe94f6f"><testcase classname="backend.tests.test_auth_admin.TestHealthEndpoints" name="test_api_root" time="0.080" /><testcase classname="backend.tests.test_auth_admin.TestUserRegistration" name="test_register_new_user" time="7.273" /><testcase classname="backend.tests.test_auth_admin.TestUserRegistration" name="test_register_duplicate_email" time="0.749" /><testcase classname="backend.tests.test_auth_admin.TestUserLogin" name="test_admin_login_success" time="0.950" /><testcase classname="backend.tests.test_auth_admin.TestUserLogin" name="test_login_invalid_credentials" time="0.952" /><testcase classname="backend.tests.test_auth_admin.TestUserLogin" name="test_login_nonexistent_user" time="0.733" /><testcase classname="backend.tests.test_auth_admin.TestAuthMe" name="test_get_current_user" time="1.686" /><testcase classname="backend.tests.test_auth_admin.TestAuthMe" name="test_get_current_user_no_token" time="0.064" /><testcase classname="backend.tests.test_auth_admin.TestAuthMe" name="test_get_current_user_invalid_token" time="0.042" /><testcase classname="backend.tests.test_auth_admin.TestAdminStats" name="test_get_admin_stats" time="3.063" /><testcase classname="backend.tests.test_auth_admin.TestAdminStats" name="test_get_admin_stats_unauthorized" time="0.039" /><testcase classname="backend.tests.test_auth_admin.TestAdminBlogs" name="test_get_admin_blogs" time="2.143" /><testcase classname="backend.tests.test_auth_admin.TestAdminBlogs" name="test_create_blog" time="3.097" /><testcase classname="backend.tests.test_auth_admin.TestAdminBlogs" name="test_create_and_publish_blog" time="2.601" /><testcase classname="backend.tests.test_auth_admin.TestAdminBlogs" name="test_update_blog" time="4.050" /><testcase classname="backend.tests.test_auth_admin.TestAdminBlogs" name="test_delete_blog" time="4.049" /><testcase classname="backend.tests.test_auth_admin.TestAdminUsers" name="test_get_all_users" time="2.135" /><testcase classname="backend.tests.test_auth_admin.TestPublicBlogs" name="test_get_public_blogs" time="0.957" /><testcase classname="backend.tests.test_auth_admin.TestCommunityPosts" name="test_get_community_posts_public" time="0.961" /><testcase classname="backend.tests.test_auth_admin.TestCommunityPosts" name="test_create_community_post_authenticated" time="3.127" /><testcase classname="backend.tests.test_auth_admin.TestCommunityPosts" name="test_create_community_post_unauthenticated" time="0.039" /><testcase classname="backend.tests.test_auth_admin.TestTherapistEndpoints" name="test_get_public_therapists" time="0.982" /></testsuite></testsuites>