<?xml version="1.0" encoding="utf-8"?><testsuites name="pytest tests"><testsuite name="pytest" errors="0" failures="0" skipped="0" tests="15" time="21.816" timestamp="2026-04-10T19:58:54.141851+00:00" hostname="agent-env-2e52aeec-0821-45d3-bd51-aeac20be509e"><testcase classname="tests.test_iteration14.TestHealthCheck" name="test_api_root" time="0.198" /><testcase classname="tests.test_iteration14.TestUserAuth" name="test_user_login_success" time="6.043" /><testcase classname="tests.test_iteration14.TestUserAuth" name="test_user_login_invalid_credentials" time="0.848" /><testcase classname="tests.test_iteration14.TestUserAuth" name="test_user_registration_duplicate_email" time="0.864" /><testcase classname="tests.test_iteration14.TestAdminAuth" name="test_admin_login_success" time="1.031" /><testcase classname="tests.test_iteration14.TestAdminAuth" name="test_admin_stats_endpoint" time="3.527" /><testcase classname="tests.test_iteration14.TestAdminAuth" name="test_admin_users_endpoint" time="2.325" /><testcase classname="tests.test_iteration14.TestAdminAuth" name="test_admin_stats_unauthorized" time="0.162" /><testcase classname="tests.test_iteration14.TestChatbot" name="test_create_new_session" time="0.116" /><testcase classname="tests.test_iteration14.TestChatbot" name="test_chat_message" time="0.992" /><testcase classname="tests.test_iteration14.TestBlogAPI" name="test_get_blogs_public" time="1.093" /><testcase classname="tests.test_iteration14.TestBlogAPI" name="test_admin_blogs_endpoint" time="2.312" /><testcase classname="tests.test_iteration14.TestCommunityAPI" name="test_get_community_posts" time="1.091" /><testcase classname="tests.test_iteration14.TestAppointmentsAPI" name="test_get_appointments" time="0.111" /><testcase classname="tests.test_iteration14.TestTherapistsAPI" name="test_get_public_therapists" time="1.030" /></testsuite></testsuites>