<?xml version="1.0" encoding="utf-8"?><testsuites name="pytest tests"><testsuite name="pytest" errors="0" failures="0" skipped="0" tests="14" time="14.514" timestamp="2026-02-26T09:48:42.225101+00:00" hostname="agent-env-8c208a7b-13cf-4ca7-86ca-583d6876aa07"><testcase classname="backend.tests.test_aashwashan_features.TestHealthAndBasics" name="test_api_root" time="0.202" /><testcase classname="backend.tests.test_aashwashan_features.TestHealthAndBasics" name="test_status_endpoint" time="0.117" /><testcase classname="backend.tests.test_aashwashan_features.TestAIChatbot" name="test_create_new_session" time="0.107" /><testcase classname="backend.tests.test_aashwashan_features.TestAIChatbot" name="test_chat_with_bot" time="1.660" /><testcase classname="backend.tests.test_aashwashan_features.TestAIChatbot" name="test_chat_maintains_session" time="1.425" /><testcase classname="backend.tests.test_aashwashan_features.TestAppointments" name="test_create_appointment" time="0.121" /><testcase classname="backend.tests.test_aashwashan_features.TestAppointments" name="test_get_appointments" time="0.114" /><testcase classname="backend.tests.test_aashwashan_features.TestContact" name="test_submit_contact" time="0.100" /><testcase classname="backend.tests.test_aashwashan_features.TestTherapists" name="test_get_public_therapists" time="6.186" /><testcase classname="backend.tests.test_aashwashan_features.TestAuthentication" name="test_login_invalid_credentials" time="1.099" /><testcase classname="backend.tests.test_aashwashan_features.TestAuthentication" name="test_login_admin" time="1.078" /><testcase classname="backend.tests.test_aashwashan_features.TestCommunityAndBlogs" name="test_get_community_posts" time="1.060" /><testcase classname="backend.tests.test_aashwashan_features.TestCommunityAndBlogs" name="test_get_legacy_community_posts" time="0.115" /><testcase classname="backend.tests.test_aashwashan_features.TestCommunityAndBlogs" name="test_get_blogs" time="1.056" /></testsuite></testsuites>