<?xml version="1.0" encoding="utf-8"?><testsuites name="pytest tests"><testsuite name="pytest" errors="0" failures="0" skipped="0" tests="12" time="15.121" timestamp="2026-03-06T08:38:11.877296+00:00" hostname="agent-env-465e502f-84ce-4d27-b342-b5980a20b53d"><testcase classname="backend.tests.test_iteration9.TestAPIHealth" name="test_api_root" time="1.618" /><testcase classname="backend.tests.test_iteration9.TestChatbotAPI" name="test_create_new_session" time="0.107" /><testcase classname="backend.tests.test_iteration9.TestChatbotAPI" name="test_chat_with_bot" time="1.570" /><testcase classname="backend.tests.test_iteration9.TestChatbotAPI" name="test_chat_with_self_help_query" time="3.473" /><testcase classname="backend.tests.test_iteration9.TestWhatsAppAPI" name="test_send_welcome_message" time="0.591" /><testcase classname="backend.tests.test_iteration9.TestWhatsAppAPI" name="test_send_booking_confirmation" time="0.269" /><testcase classname="backend.tests.test_iteration9.TestWhatsAppAPI" name="test_send_session_reminder" time="0.295" /><testcase classname="backend.tests.test_iteration9.TestWhatsAppAPI" name="test_send_morning_motivation" time="0.267" /><testcase classname="backend.tests.test_iteration9.TestAppointmentsAPI" name="test_create_appointment" time="0.292" /><testcase classname="backend.tests.test_iteration9.TestAppointmentsAPI" name="test_get_appointments" time="0.132" /><testcase classname="backend.tests.test_iteration9.TestContactAPI" name="test_submit_contact" time="0.141" /><testcase classname="backend.tests.test_iteration9.TestTherapistsAPI" name="test_get_therapists" time="6.207" /></testsuite></testsuites>