<?xml version="1.0" encoding="utf-8"?><testsuites name="pytest tests"><testsuite name="pytest" errors="0" failures="0" skipped="0" tests="35" time="37.856" timestamp="2026-02-14T18:11:56.568146+00:00" hostname="agent-env-819c09e1-6d9d-4366-a7a6-c3bf6fe94f6f"><testcase classname="tests.test_aashwashan_features.TestHealthEndpoints" name="test_api_root" time="0.175" /><testcase classname="tests.test_aashwashan_features.TestPaymentEndpoints" name="test_create_order_success" time="0.150" /><testcase classname="tests.test_aashwashan_features.TestPaymentEndpoints" name="test_create_order_30min_session" time="0.121" /><testcase classname="tests.test_aashwashan_features.TestPaymentEndpoints" name="test_create_order_45min_session" time="0.255" /><testcase classname="tests.test_aashwashan_features.TestPaymentEndpoints" name="test_create_order_60min_session" time="0.139" /><testcase classname="tests.test_aashwashan_features.TestPaymentEndpoints" name="test_verify_payment_returns_meeting_link" time="0.114" /><testcase classname="tests.test_aashwashan_features.TestCommunityEndpoints" name="test_create_community_post" time="0.231" /><testcase classname="tests.test_aashwashan_features.TestCommunityEndpoints" name="test_get_community_posts" time="0.138" /><testcase classname="tests.test_aashwashan_features.TestCommunityEndpoints" name="test_community_post_categories" time="0.587" /><testcase classname="tests.test_aashwashan_features.TestAppointmentWithSessionPricing" name="test_create_appointment_30min" time="0.134" /><testcase classname="tests.test_aashwashan_features.TestAppointmentWithSessionPricing" name="test_create_appointment_45min" time="0.121" /><testcase classname="tests.test_aashwashan_features.TestAppointmentWithSessionPricing" name="test_create_appointment_60min" time="0.124" /><testcase classname="tests.test_aashwashan_features.TestAppointmentWithSessionPricing" name="test_get_appointments" time="0.157" /><testcase classname="tests.test_auth_admin.TestHealthEndpoints" name="test_api_root" time="0.119" /><testcase classname="tests.test_auth_admin.TestUserRegistration" name="test_register_new_user" time="2.127" /><testcase classname="tests.test_auth_admin.TestUserRegistration" name="test_register_duplicate_email" time="0.840" /><testcase classname="tests.test_auth_admin.TestUserLogin" name="test_admin_login_success" time="1.082" /><testcase classname="tests.test_auth_admin.TestUserLogin" name="test_login_invalid_credentials" time="1.068" /><testcase classname="tests.test_auth_admin.TestUserLogin" name="test_login_nonexistent_user" time="0.841" /><testcase classname="tests.test_auth_admin.TestAuthMe" name="test_get_current_user" time="1.957" /><testcase classname="tests.test_auth_admin.TestAuthMe" name="test_get_current_user_no_token" time="0.144" /><testcase classname="tests.test_auth_admin.TestAuthMe" name="test_get_current_user_invalid_token" time="0.147" /><testcase classname="tests.test_auth_admin.TestAdminStats" name="test_get_admin_stats" time="2.634" /><testcase classname="tests.test_auth_admin.TestAdminStats" name="test_get_admin_stats_unauthorized" time="0.118" /><testcase classname="tests.test_auth_admin.TestAdminBlogs" name="test_get_admin_blogs" time="2.146" /><testcase classname="tests.test_auth_admin.TestAdminBlogs" name="test_create_blog" time="2.993" /><testcase classname="tests.test_auth_admin.TestAdminBlogs" name="test_create_and_publish_blog" time="2.873" /><testcase classname="tests.test_auth_admin.TestAdminBlogs" name="test_update_blog" time="4.187" /><testcase classname="tests.test_auth_admin.TestAdminBlogs" name="test_delete_blog" time="4.250" /><testcase classname="tests.test_auth_admin.TestAdminUsers" name="test_get_all_users" time="2.185" /><testcase classname="tests.test_auth_admin.TestPublicBlogs" name="test_get_public_blogs" time="0.877" /><testcase classname="tests.test_auth_admin.TestCommunityPosts" name="test_get_community_posts_public" time="0.884" /><testcase classname="tests.test_auth_admin.TestCommunityPosts" name="test_create_community_post_authenticated" time="2.855" /><testcase classname="tests.test_auth_admin.TestCommunityPosts" name="test_create_community_post_unauthenticated" time="0.125" /><testcase classname="tests.test_auth_admin.TestTherapistEndpoints" name="test_get_public_therapists" time="0.889" /></testsuite></testsuites>