<?xml version="1.0" encoding="utf-8"?><testsuites name="pytest tests"><testsuite name="pytest" errors="0" failures="0" skipped="0" tests="13" time="0.782" timestamp="2026-02-03T07:57:19.088306+00:00" hostname="agent-env-245b6b0a-1bc1-4d2b-9638-260dbae8b818"><testcase classname="backend.tests.test_aashwashan_features.TestHealthEndpoints" name="test_api_root" time="0.083" /><testcase classname="backend.tests.test_aashwashan_features.TestPaymentEndpoints" name="test_create_order_success" time="0.044" /><testcase classname="backend.tests.test_aashwashan_features.TestPaymentEndpoints" name="test_create_order_30min_session" time="0.039" /><testcase classname="backend.tests.test_aashwashan_features.TestPaymentEndpoints" name="test_create_order_45min_session" time="0.040" /><testcase classname="backend.tests.test_aashwashan_features.TestPaymentEndpoints" name="test_create_order_60min_session" time="0.038" /><testcase classname="backend.tests.test_aashwashan_features.TestPaymentEndpoints" name="test_verify_payment_returns_meeting_link" time="0.046" /><testcase classname="backend.tests.test_aashwashan_features.TestCommunityEndpoints" name="test_create_community_post" time="0.039" /><testcase classname="backend.tests.test_aashwashan_features.TestCommunityEndpoints" name="test_get_community_posts" time="0.039" /><testcase classname="backend.tests.test_aashwashan_features.TestCommunityEndpoints" name="test_community_post_categories" time="0.193" /><testcase classname="backend.tests.test_aashwashan_features.TestAppointmentWithSessionPricing" name="test_create_appointment_30min" time="0.047" /><testcase classname="backend.tests.test_aashwashan_features.TestAppointmentWithSessionPricing" name="test_create_appointment_45min" time="0.036" /><testcase classname="backend.tests.test_aashwashan_features.TestAppointmentWithSessionPricing" name="test_create_appointment_60min" time="0.037" /><testcase classname="backend.tests.test_aashwashan_features.TestAppointmentWithSessionPricing" name="test_get_appointments" time="0.039" /></testsuite></testsuites>