<?xml version="1.0" encoding="utf-8"?><testsuites name="pytest tests"><testsuite name="pytest" errors="0" failures="0" skipped="0" tests="14" time="1.056" timestamp="2026-01-16T11:36:30.699748+00:00" hostname="agent-env-065e9743-c089-4ee9-9176-0937e1d91b55"><testcase classname="tests.test_aashwashan_api.TestHealthEndpoints" name="test_api_root_returns_hello_world" time="0.075" /><testcase classname="tests.test_aashwashan_api.TestHealthEndpoints" name="test_status_endpoint_returns_list" time="0.054" /><testcase classname="tests.test_aashwashan_api.TestAppointmentEndpoints" name="test_create_appointment_success" time="0.120" /><testcase classname="tests.test_aashwashan_api.TestAppointmentEndpoints" name="test_create_appointment_without_message" time="0.050" /><testcase classname="tests.test_aashwashan_api.TestAppointmentEndpoints" name="test_create_appointment_invalid_email" time="0.070" /><testcase classname="tests.test_aashwashan_api.TestAppointmentEndpoints" name="test_create_appointment_missing_required_fields" time="0.048" /><testcase classname="tests.test_aashwashan_api.TestAppointmentEndpoints" name="test_get_appointments_returns_list" time="0.053" /><testcase classname="tests.test_aashwashan_api.TestAppointmentEndpoints" name="test_appointment_persistence" time="0.086" /><testcase classname="tests.test_aashwashan_api.TestContactEndpoints" name="test_submit_contact_form_success" time="0.050" /><testcase classname="tests.test_aashwashan_api.TestContactEndpoints" name="test_submit_contact_form_without_phone" time="0.039" /><testcase classname="tests.test_aashwashan_api.TestContactEndpoints" name="test_submit_contact_form_invalid_email" time="0.038" /><testcase classname="tests.test_aashwashan_api.TestContactEndpoints" name="test_submit_contact_form_missing_required_fields" time="0.039" /><testcase classname="tests.test_aashwashan_api.TestStatusEndpoints" name="test_create_status_check" time="0.051" /><testcase classname="tests.test_aashwashan_api.TestStatusEndpoints" name="test_status_check_persistence" time="0.083" /></testsuite></testsuites>